2025-11-07 19:18:00 | INFO | repo=pv243-javaee-7 | action=commit
2025-08-17 11:21:00 | DEBUG | repo=pv243-javaee-7 | action=pull
2025-01-03 11:40:00 | DEBUG | repo=pv243-javaee-7 | action=commit
2025-03-02 18:38:00 | INFO | repo=pv243-javaee-7 | action=edit | files=3
2025-05-18 09:59:00 | INFO | repo=pv243-javaee-7 | action=commit
2025-04-13 20:29:00 | DEBUG | repo=pv243-javaee-7 | action=commit
2025-03-21 14:55:00 | DEBUG | repo=pv243-javaee-7 | action=edit | files=5
2025-04-13 16:21:00 | INFO | repo=pv243-javaee-7 | action=commit
2025-12-03 13:28:00 | WARN | repo=pv243-javaee-7 | action=commit
2025-03-19 11:13:00 | WARN | repo=pv243-javaee-7 | action=test | passed=true
2025-04-20 09:44:00 | WARN | repo=pv243-javaee-7 | action=commit
2025-01-27 07:04:00 | INFO | repo=pv243-javaee-7 | action=commit
2025-09-24 07:35:00 | WARN | repo=pv243-javaee-7 | action=commit
2025-01-03 07:30:00 | WARN | repo=pv243-javaee-7 | action=commit
2025-07-13 08:32:00 | INFO | repo=pv243-javaee-7 | action=commit
2025-07-16 18:48:00 | DEBUG | repo=pv243-javaee-7 | action=commit
2025-09-03 15:25:00 | DEBUG | repo=pv243-javaee-7 | action=commit
2025-08-23 16:15:00 | DEBUG | repo=pv243-javaee-7 | action=commit
2025-03-28 21:53:00 | WARN | repo=pv243-javaee-7 | action=commit
2025-04-12 09:48:00 | DEBUG | repo=pv243-javaee-7 | action=edit | files=1
2025-09-18 19:49:00 | INFO | repo=pv243-javaee-7 | action=test | passed=true
2025-10-15 07:13:00 | WARN | repo=pv243-javaee-7 | action=pull
2025-03-28 08:56:00 | DEBUG | repo=pv243-javaee-7 | action=commit
2025-01-02 19:54:00 | WARN | repo=pv243-javaee-7 | action=commit
